<?xml version="1.0" encoding="UTF-8"?>
<testng-results skipped="0" failed="0" ignored="0" total="1" passed="1">
  <reporter-output>
  </reporter-output>
  <suite name="Default suite" duration-ms="13259" started-at="2018-03-28T05:52:19Z" finished-at="2018-03-28T05:52:32Z">
    <groups>
    </groups>
    <test name="Default test" duration-ms="13259" started-at="2018-03-28T05:52:19Z" finished-at="2018-03-28T05:52:32Z">
      <class name="com.kpit.test.Sample">
        <test-method status="PASS" signature="first()[pri:0, instance:com.kpit.test.Sample@6a4f787b]" name="first" duration-ms="13224" started-at="2018-03-28T11:22:19Z" finished-at="2018-03-28T11:22:32Z">
          <reporter-output>
          </reporter-output>
        </test-method> <!-- first -->
      </class> <!-- com.kpit.test.Sample -->
    </test> <!-- Default test -->
  </suite> <!-- Default suite -->
</testng-results>
